<?xml version="1.0" encoding="UTF-8"?>
<!-- Generated by org.testng.reporters.JUnitReportReporter -->
<testsuite hostname="LAPTOP-F4LAP8LF" failures="0" tests="1" name="com.test.maven.TestTitle" time="0.063" errors="0" timestamp="9 Aug 2018 16:46:58 GMT">
  <testcase classname="com.test.maven.TestTitle" name="TestTitle" time="0.063"/>
</testsuite> <!-- com.test.maven.TestTitle -->
